PayPal\Core\PPHttpConnection: Connecting to https://api.sandbox.paypal.com/v1/oauth2/token
PayPal\Core\PPHttpConnection: Payload grant_type=client_credentials
PayPal\Core\PPHttpConnection: Adding header User-Agent: PayPalSDK/rest-sdk-php 0.6.0 (lang=PHP;v=5.5.11;bit=64;os=Linux_3.14.1-1-ARCH;machine=x86_64;openssl=1.0.1f;curl=7.36.0)
PayPal\Core\PPHttpConnection: Adding header Authorization: Basic QVh2cW5SQVJoSE9xcFR3OUVsYjA3X00teDhVdmxZYVlURUVUTXFBTW1WVkRlZXZybnExOXg2Uzh4NHd1OkVFY3JjQkFvRk11X1VLUmphZjY3cmMwdFRsVjk3NzM4Y1Fnc1Y5bFlrTk5mdzcwTEhzejVxMFQtMXQ3bw==
PayPal\Core\PPHttpConnection: Adding header Accept: */*
PayPal\Core\PPHttpConnection: Connecting to https://api.sandbox.paypal.com/v1/payments/payment
PayPal\Core\PPHttpConnection: Payload {"intent":"Sale"}
PayPal\Core\PPHttpConnection: Adding header Content-Type: application/json
PayPal\Core\PPHttpConnection: Adding header User-Agent: PayPalSDK/rest-sdk-php 0.6.0 (lang=PHP;v=5.5.11;bit=64;os=Linux_3.14.1-1-ARCH;machine=x86_64;openssl=1.0.1f;curl=7.36.0)
PayPal\Core\PPHttpConnection: Adding header Authorization: Bearer 25RAwtWkGkMmz-hjUVHHPKTALU9.Nft0hzZmSnRX.1I
PayPal\Core\PPHttpConnection: Adding header PayPal-Request-Id: archw5207654139827008617089
PayPal\Core\PPHttpConnection: Connecting to https://api.sandbox.paypal.com/v1/oauth2/token
PayPal\Core\PPHttpConnection: Payload grant_type=client_credentials
PayPal\Core\PPHttpConnection: Adding header User-Agent: PayPalSDK/rest-sdk-php 0.6.0 (lang=PHP;v=5.5.11;bit=64;os=Linux_3.14.1-1-ARCH;machine=x86_64;openssl=1.0.1f;curl=7.36.0)
PayPal\Core\PPHttpConnection: Adding header Authorization: Basic QVh2cW5SQVJoSE9xcFR3OUVsYjA3X00teDhVdmxZYVlURUVUTXFBTW1WVkRlZXZybnExOXg2Uzh4NHd1OkVFY3JjQkFvRk11X1VLUmphZjY3cmMwdFRsVjk3NzM4Y1Fnc1Y5bFlrTk5mdzcwTEhzejVxMFQtMXQ3bw==
PayPal\Core\PPHttpConnection: Adding header Accept: */*
PayPal\Core\PPHttpConnection: Connecting to https://api.sandbox.paypal.com/v1/payments/payment
PayPal\Core\PPHttpConnection: Payload {"intent":"sale","payer":{"payment_method":"credit_card","funding_instruments":[{"credit_card":{"number":"4417119669820331","type":"visa","expire_month":"11","expire_year":"2018","cvv2":"874","first_name":"Joe","last_name":"Shopper","billing_address":{"line1":"52 N Main ST","city":"Johnstown","country_code":"US","postal_code":"43210","state":"OH"}}}]},"transactions":[{"amount":{"currency":"USD","total":"7.47","details":{"subtotal":"7.41","tax":"0.03","shipping":"0.03"}},"description":"This is the payment transaction description."}]}
PayPal\Core\PPHttpConnection: Adding header Content-Type: application/json
PayPal\Core\PPHttpConnection: Adding header User-Agent: PayPalSDK/rest-sdk-php 0.6.0 (lang=PHP;v=5.5.11;bit=64;os=Linux_3.14.1-1-ARCH;machine=x86_64;openssl=1.0.1f;curl=7.36.0)
PayPal\Core\PPHttpConnection: Adding header Authorization: Bearer gbtSCtOK2a4aYoj8BrIGup0cn5enGVhOVra-CWlFArM
PayPal\Core\PPHttpConnection: Adding header PayPal-Request-Id: archw5207757139827050626635
PayPal\Transport\PPRestCall: {"id":"PAY-7UJ59157U6952042MKNL6TPA","create_time":"2014-04-23T16:26:36Z","update_time":"2014-04-23T16:26:51Z","state":"approved","intent":"sale","payer":{"payment_method":"credit_card","funding_instruments":[{"credit_card":{"type":"visa","number":"xxxxxxxxxxxx0331","expire_month":"11","expire_year":"2018","first_name":"Joe","last_name":"Shopper","billing_address":{"line1":"52 N Main ST","city":"Johnstown","state":"OH","postal_code":"43210","country_code":"US"}}}]},"transactions":[{"amount":{"total":"7.47","currency":"USD","details":{"subtotal":"7.41","tax":"0.03","shipping":"0.03"}},"description":"This is the payment transaction description.","related_resources":[{"sale":{"id":"7SB84408MS991361W","create_time":"2014-04-23T16:26:36Z","update_time":"2014-04-23T16:26:51Z","state":"completed","amount":{"total":"7.47","currency":"USD"},"parent_payment":"PAY-7UJ59157U6952042MKNL6TPA","links":[{"href":"https://api.sandbox.paypal.com/v1/payments/sale/7SB84408MS991361W","rel":"self","method":"GET"},{"href":"https://api.sandbox.paypal.com/v1/payments/sale/7SB84408MS991361W/refund","rel":"refund","method":"POST"},{"href":"https://api.sandbox.paypal.com/v1/payments/payment/PAY-7UJ59157U6952042MKNL6TPA","rel":"parent_payment","method":"GET"}]}}]}],"links":[{"href":"https://api.sandbox.paypal.com/v1/payments/payment/PAY-7UJ59157U6952042MKNL6TPA","rel":"self","method":"GET"}]}
